<?xml version="1.0" encoding="UTF-8"?>
<!-- Generated by org.testng.reporters.JUnitReportReporter -->
<testsuite hostname="pradeep-PC" name="Example.Test1" tests="1" failures="0" timestamp="7 Jul 2018 10:57:12 GMT" time="0.025" errors="0">
  <testcase name="f" time="0.025" classname="Example.Test1"/>
</testsuite> <!-- Example.Test1 -->
