<?xml version="1.0" encoding="UTF-8"?>
<!-- Generated by org.testng.reporters.JUnitReportReporter -->
<testsuite hostname="pradeep-PC" name="Example.test3" tests="1" failures="0" timestamp="2 Jun 2017 17:09:49 GMT" time="36.319" errors="0">
  <testcase name="f" time="36.319" classname="Example.test3"/>
</testsuite> <!-- Example.test3 -->
